<?xml version="1.0" encoding="UTF-8"?>
<!-- Generated by org.testng.reporters.JUnitXMLReporter -->
<testsuite ignored="0" hostname="Irshad" failures="0" tests="4" name="test dd" time="40.566" errors="0" timestamp="2021-07-08T19:51:08 IST">
  <testcase classname="datadrivenfw.BothCorrect" name="loginWithbothCorrect" time="11.749"/>
  <testcase classname="datadrivenfw.BothIncorrect" name="loginWithbothinCorrect" time="9.473"/>
  <testcase classname="datadrivenfw.CorrectPasword" name="loginWithCorrectpassword" time="9.761"/>
  <testcase classname="datadrivenfw.correctusername" name="loginWithCorrectUsername" time="9.473"/>
</testsuite> <!-- test dd -->
