<?xml version="1.0" encoding="UTF-8"?>
<testng-results ignored="0" total="4" passed="4" failed="0" skipped="0">
  <reporter-output>
  </reporter-output>
  <suite started-at="2021-07-10T14:39:04 IST" name="Default suite" finished-at="2021-07-10T14:39:54 IST" duration-ms="50220">
    <groups>
    </groups>
    <test started-at="2021-07-10T14:39:04 IST" name="Default test" finished-at="2021-07-10T14:39:54 IST" duration-ms="50220">
      <class name="datadrivenfw.Login_id">
        <test-method signature="loginWithbothCorrect(java.lang.String,java.lang.String)[pri:0, instance:datadrivenfw.Login_id@2525ff7e]" started-at="2021-07-10T14:39:04 IST" name="loginWithbothCorrect" data-provider="loginData" finished-at="2021-07-10T14:39:19 IST" duration-ms="15319" status="PASS">
          <params>
            <param index="0">
              <value>
                <![CDATA[Admin]]>
              </value>
            </param>
            <param index="1">
              <value>
                <![CDATA[admin123]]>
              </value>
            </param>
          </params>
          <reporter-output>
          </reporter-output>
        </test-method> <!-- loginWithbothCorrect -->
        <test-method signature="loginWithbothCorrect(java.lang.String,java.lang.String)[pri:0, instance:datadrivenfw.Login_id@2525ff7e]" started-at="2021-07-10T14:39:19 IST" name="loginWithbothCorrect" data-provider="loginData" finished-at="2021-07-10T14:39:30 IST" duration-ms="11312" status="PASS">
          <params>
            <param index="0">
              <value>
                <![CDATA[Admin1]]>
              </value>
            </param>
            <param index="1">
              <value>
                <![CDATA[admin123]]>
              </value>
            </param>
          </params>
          <reporter-output>
          </reporter-output>
        </test-method> <!-- loginWithbothCorrect -->
        <test-method signature="loginWithbothCorrect(java.lang.String,java.lang.String)[pri:0, instance:datadrivenfw.Login_id@2525ff7e]" started-at="2021-07-10T14:39:30 IST" name="loginWithbothCorrect" data-provider="loginData" finished-at="2021-07-10T14:39:42 IST" duration-ms="11213" status="PASS">
          <params>
            <param index="0">
              <value>
                <![CDATA[Admin]]>
              </value>
            </param>
            <param index="1">
              <value>
                <![CDATA[admin@13]]>
              </value>
            </param>
          </params>
          <reporter-output>
          </reporter-output>
        </test-method> <!-- loginWithbothCorrect -->
        <test-method signature="loginWithbothCorrect(java.lang.String,java.lang.String)[pri:0, instance:datadrivenfw.Login_id@2525ff7e]" started-at="2021-07-10T14:39:42 IST" name="loginWithbothCorrect" data-provider="loginData" finished-at="2021-07-10T14:39:54 IST" duration-ms="12238" status="PASS">
          <params>
            <param index="0">
              <value>
                <![CDATA[Admin12]]>
              </value>
            </param>
            <param index="1">
              <value>
                <![CDATA[admin@12]]>
              </value>
            </param>
          </params>
          <reporter-output>
          </reporter-output>
        </test-method> <!-- loginWithbothCorrect -->
      </class> <!-- datadrivenfw.Login_id -->
    </test> <!-- Default test -->
  </suite> <!-- Default suite -->
</testng-results>
