<?xml version="1.0" encoding="UTF-8"?>
<!-- Generated by org.testng.reporters.JUnitXMLReporter -->
<testsuite ignored="0" hostname="Irshad" failures="0" tests="4" name="Default test" time="50.22" errors="0" timestamp="2021-07-10T14:39:54 IST">
  <testcase classname="datadrivenfw.Login_id" name="loginWithbothCorrect" time="15.319"/>
  <testcase classname="datadrivenfw.Login_id" name="loginWithbothCorrect" time="11.312"/>
  <testcase classname="datadrivenfw.Login_id" name="loginWithbothCorrect" time="11.213"/>
  <testcase classname="datadrivenfw.Login_id" name="loginWithbothCorrect" time="12.238"/>
</testsuite> <!-- Default test -->
